C51 COMPILER V9.60.0.0   INIT                                                              11/30/2019 00:57:51 PAGE 1   


C51 COMPILER V9.60.0.0, COMPILATION OF MODULE INIT
OBJECT MODULE PLACED IN init.OBJ
COMPILER INVOKED BY: D:\SIngelChip\Keil_C51\C51\BIN\C51.EXE init.c OPTIMIZE(8,SPEED) BROWSE DEBUG OBJECTEXTEND TABS(2)

line level    source

   1          #define __init_c
   2          #include "includeAll.h"
*** ERROR C141 IN LINE 17 OF main.h: syntax error near 'msCount', expected ')'
   3          //=============================================================================
   4          void SysInit() {
   5   1        //时钟初始化
   6   1        CLKCON = 0x02; // Clock div 2
   7   1        STPPCK = 0;
   8   1        STPFCK = 0;
   9   1        _nop_();
  10   1        _nop_();
  11   1        _nop_();
  12   1        _nop_();
  13   1        _nop_();
  14   1        SELFCK = 1;
  15   1        _nop_();
  16   1        _nop_();
  17   1        _nop_();
  18   1        _nop_();
  19   1        _nop_();
  20   1        _nop_();
  21   1        _nop_();
  22   1        _nop_();
  23   1        _nop_();
  24   1        _nop_();
  25   1      }
  26          // IO 模式初始化
  27          P1MODL = 0xaa;
  28          
  29          // IO 状态初始化
  30          F_ledOff();
  31          }
  32          //=============================================================================
  33          void VarsInit() {}

C51 COMPILATION COMPLETE.  0 WARNING(S),  1 ERROR(S)
